<?xml version="1.0" encoding="utf-8"?><testsuites name="pytest tests"><testsuite name="pytest" errors="0" failures="0" skipped="0" tests="14" time="9.786" timestamp="2026-04-10T19:41:58.909479+00:00" hostname="agent-env-bca4449c-a0cb-4900-8a2f-b17bff2ba4e7"><testcase classname="tests.test_rbac_features.TestAuthAndRBAC" name="test_login_returns_role_and_permissions" time="0.476" /><testcase classname="tests.test_rbac_features.TestAuthAndRBAC" name="test_auth_me_returns_permissions" time="0.562" /><testcase classname="tests.test_rbac_features.TestUserManagement" name="test_get_users_list" time="0.605" /><testcase classname="tests.test_rbac_features.TestUserManagement" name="test_create_user" time="0.746" /><testcase classname="tests.test_rbac_features.TestUserManagement" name="test_update_user_role" time="0.839" /><testcase classname="tests.test_rbac_features.TestUserManagement" name="test_deactivate_user" time="0.822" /><testcase classname="tests.test_rbac_features.TestApprovals" name="test_get_approvals_list" time="0.432" /><testcase classname="tests.test_rbac_features.TestApprovals" name="test_get_approvals_count" time="0.493" /><testcase classname="tests.test_rbac_features.TestDuplicateDetection" name="test_get_duplicates_list" time="0.476" /><testcase classname="tests.test_rbac_features.TestDuplicateDetection" name="test_client_creation_with_duplicate_detection" time="0.666" /><testcase classname="tests.test_rbac_features.TestDuplicateDetection" name="test_client_creation_with_force_create" time="0.845" /><testcase classname="tests.test_rbac_features.TestClientAutoReference" name="test_client_creation_returns_reference" time="0.581" /><testcase classname="tests.test_rbac_features.TestMultiApartmentClient" name="test_client_supports_multi_apartment" time="0.904" /><testcase classname="tests.test_rbac_features.TestRBACRestrictions" name="test_create_limited_user_and_test_restrictions" time="1.242" /></testsuite></testsuites>