<?xml version="1.0" encoding="utf-8"?><testsuites name="pytest tests"><testsuite name="pytest" errors="0" failures="0" skipped="0" tests="10" time="3.693" timestamp="2026-04-04T19:52:58.427551+00:00" hostname="agent-env-bca4449c-a0cb-4900-8a2f-b17bff2ba4e7"><testcase classname="backend.tests.test_reservation_system.TestLoginAndBranding" name="test_login_success" time="0.359" /><testcase classname="backend.tests.test_reservation_system.TestDashboardEDIMCO" name="test_dashboard_blocs_stats" time="0.456" /><testcase classname="backend.tests.test_reservation_system.TestAppartementsTypeTabs" name="test_appartements_have_types" time="0.110" /><testcase classname="backend.tests.test_reservation_system.TestReservationSystem" name="test_create_client_with_apartment_reservation" time="0.589" /><testcase classname="backend.tests.test_reservation_system.TestReservationSystem" name="test_reservation_conflict_409" time="0.660" /><testcase classname="backend.tests.test_reservation_system.TestReservationSystem" name="test_update_client_apartment_releases_old" time="0.569" /><testcase classname="backend.tests.test_reservation_system.TestReservationsHistory" name="test_get_reservations_history" time="0.099" /><testcase classname="backend.tests.test_reservation_system.TestReservationsHistory" name="test_reservation_creates_history_entry" time="0.555" /><testcase classname="backend.tests.test_reservation_system.TestClientsWithApartmentInfo" name="test_clients_have_appartement_id" time="0.100" /><testcase classname="backend.tests.test_reservation_system.TestAppartementsShowClientName" name="test_appartements_have_client_id" time="0.126" /></testsuite></testsuites>