<?xml version="1.0" encoding="utf-8"?><testsuites name="pytest tests"><testsuite name="pytest" errors="0" failures="0" skipped="0" tests="14" time="5.796" timestamp="2026-04-05T00:07:32.142012+00:00" hostname="agent-env-bca4449c-a0cb-4900-8a2f-b17bff2ba4e7"><testcase classname="backend.tests.test_prospects.TestProspectsCRUD" name="test_get_prospects_list" time="0.574" /><testcase classname="backend.tests.test_prospects.TestProspectsCRUD" name="test_create_prospect" time="0.693" /><testcase classname="backend.tests.test_prospects.TestProspectsCRUD" name="test_create_prospect_minimal" time="0.536" /><testcase classname="backend.tests.test_prospects.TestProspectsCRUD" name="test_update_prospect" time="0.794" /><testcase classname="backend.tests.test_prospects.TestProspectsCRUD" name="test_delete_prospect" time="0.702" /><testcase classname="backend.tests.test_prospects.TestProspectsCRUD" name="test_delete_nonexistent_prospect" time="0.477" /><testcase classname="backend.tests.test_prospects.TestProspectsAnalytics" name="test_get_analytics" time="0.439" /><testcase classname="backend.tests.test_prospects.TestProspectsExport" name="test_export_excel" time="0.468" /><testcase classname="backend.tests.test_prospects.TestProspectsExport" name="test_export_pdf" time="0.456" /><testcase classname="backend.tests.test_prospects.TestProspectsAuth" name="test_get_prospects_requires_auth" time="0.125" /><testcase classname="backend.tests.test_prospects.TestProspectsAuth" name="test_create_prospect_requires_auth" time="0.105" /><testcase classname="backend.tests.test_prospects.TestProspectsAuth" name="test_analytics_requires_auth" time="0.090" /><testcase classname="backend.tests.test_prospects.TestProspectsAuth" name="test_export_excel_requires_auth" time="0.117" /><testcase classname="backend.tests.test_prospects.TestProspectsAuth" name="test_export_pdf_requires_auth" time="0.124" /></testsuite></testsuites>