<?xml version="1.0" encoding="utf-8"?><testsuites name="pytest tests"><testsuite name="pytest" errors="0" failures="0" skipped="0" tests="16" time="3.221" timestamp="2026-04-04T18:51:02.659564+00:00" hostname="agent-env-bca4449c-a0cb-4900-8a2f-b17bff2ba4e7"><testcase classname="backend.tests.test_edimco_crm.TestAuth" name="test_login_success" time="0.394" /><testcase classname="backend.tests.test_edimco_crm.TestAuth" name="test_login_invalid_credentials" time="0.332" /><testcase classname="backend.tests.test_edimco_crm.TestAuth" name="test_auth_me_without_token" time="0.101" /><testcase classname="backend.tests.test_edimco_crm.TestDashboard" name="test_dashboard_returns_edimco_stats" time="0.455" /><testcase classname="backend.tests.test_edimco_crm.TestDashboard" name="test_dashboard_client_stats" time="0.115" /><testcase classname="backend.tests.test_edimco_crm.TestAppartements" name="test_get_all_appartements_returns_298" time="0.121" /><testcase classname="backend.tests.test_edimco_crm.TestAppartements" name="test_appartements_have_required_fields" time="0.140" /><testcase classname="backend.tests.test_edimco_crm.TestAppartements" name="test_appartements_destinations" time="0.137" /><testcase classname="backend.tests.test_edimco_crm.TestAppartements" name="test_appartements_blocs" time="0.121" /><testcase classname="backend.tests.test_edimco_crm.TestAppartements" name="test_update_appartement_status" time="0.329" /><testcase classname="backend.tests.test_edimco_crm.TestResidences" name="test_get_residences_includes_edimco" time="0.108" /><testcase classname="backend.tests.test_edimco_crm.TestClients" name="test_get_clients" time="0.109" /><testcase classname="backend.tests.test_edimco_crm.TestClients" name="test_create_and_delete_client" time="0.301" /><testcase classname="backend.tests.test_edimco_crm.TestExport" name="test_export_appartements_excel" time="0.151" /><testcase classname="backend.tests.test_edimco_crm.TestExport" name="test_export_clients_excel" time="0.113" /><testcase classname="backend.tests.test_edimco_crm.TestAPIRoot" name="test_api_health" time="0.106" /></testsuite></testsuites>