<?xml version="1.0" encoding="utf-8"?><testsuites name="pytest tests"><testsuite name="pytest" errors="0" failures="0" skipped="0" tests="15" time="12.392" timestamp="2026-04-05T16:35:46.347388+00:00" hostname="agent-env-bca4449c-a0cb-4900-8a2f-b17bff2ba4e7"><testcase classname="tests.test_audit_trash.TestLoginAuditLog" name="test_login_creates_audit_log" time="1.427" /><testcase classname="tests.test_audit_trash.TestClientAuditLog" name="test_create_client_logs_audit" time="0.954" /><testcase classname="tests.test_audit_trash.TestClientAuditLog" name="test_update_client_logs_audit_with_old_new_values" time="1.093" /><testcase classname="tests.test_audit_trash.TestSoftDelete" name="test_delete_client_soft_deletes" time="1.158" /><testcase classname="tests.test_audit_trash.TestSoftDelete" name="test_get_clients_excludes_soft_deleted" time="0.447" /><testcase classname="tests.test_audit_trash.TestTrashEndpoints" name="test_get_trash_returns_soft_deleted_items" time="0.979" /><testcase classname="tests.test_audit_trash.TestTrashEndpoints" name="test_restore_from_trash" time="1.342" /><testcase classname="tests.test_audit_trash.TestPermanentDelete" name="test_permanent_delete_admin_success" time="1.033" /><testcase classname="tests.test_audit_trash.TestPermanentDelete" name="test_permanent_delete_non_admin_forbidden" time="0.870" /><testcase classname="tests.test_audit_trash.TestProspectAuditAndTrash" name="test_create_prospect_logs_audit" time="0.979" /><testcase classname="tests.test_audit_trash.TestProspectAuditAndTrash" name="test_delete_prospect_soft_deletes_and_logs" time="1.061" /><testcase classname="tests.test_audit_trash.TestProspectAuditAndTrash" name="test_restore_prospect_from_trash" time="0.649" /><testcase classname="tests.test_audit_trash.TestAuditLogFilters" name="test_filter_by_action" time="0.101" /><testcase classname="tests.test_audit_trash.TestAuditLogFilters" name="test_filter_by_entity_type" time="0.099" /><testcase classname="tests.test_audit_trash.TestAuditLogFilters" name="test_filter_by_search" time="0.107" /></testsuite></testsuites>