<?xml version="1.0" encoding="utf-8"?><testsuites name="pytest tests"><testsuite name="pytest" errors="0" failures="0" skipped="0" tests="16" time="5.295" timestamp="2026-04-10T20:06:31.837225+00:00" hostname="agent-env-bca4449c-a0cb-4900-8a2f-b17bff2ba4e7"><testcase classname="tests.test_backup_system.TestBackupSystemSetup" name="test_admin_login_success" time="0.460" /><testcase classname="tests.test_backup_system.TestBackupCRUD" name="test_create_manual_backup" time="0.501" /><testcase classname="tests.test_backup_system.TestBackupCRUD" name="test_list_backups" time="0.174" /><testcase classname="tests.test_backup_system.TestBackupCRUD" name="test_get_backup_stats" time="0.119" /><testcase classname="tests.test_backup_system.TestBackupCRUD" name="test_backup_contains_all_collections" time="0.133" /><testcase classname="tests.test_backup_system.TestBackupRestore" name="test_restore_creates_safety_backup" time="0.801" /><testcase classname="tests.test_backup_system.TestBackupDelete" name="test_delete_backup" time="0.819" /><testcase classname="tests.test_backup_system.TestBackupDelete" name="test_delete_nonexistent_backup" time="0.118" /><testcase classname="tests.test_backup_system.TestBackupRBAC" name="test_non_admin_cannot_list_backups" time="1.180" /><testcase classname="tests.test_backup_system.TestBackupRBAC" name="test_non_admin_cannot_create_backup" time="0.164" /><testcase classname="tests.test_backup_system.TestBackupRBAC" name="test_non_admin_cannot_restore_backup" time="0.114" /><testcase classname="tests.test_backup_system.TestBackupRBAC" name="test_non_admin_cannot_delete_backup" time="0.109" /><testcase classname="tests.test_backup_system.TestBackupRBAC" name="test_non_admin_cannot_get_stats" time="0.110" /><testcase classname="tests.test_backup_system.TestBackupRBAC" name="test_unauthenticated_cannot_access_backups" time="0.393" /><testcase classname="tests.test_backup_system.TestSchedulerVerification" name="test_scheduler_started_in_logs" time="0.003" /><testcase classname="tests.test_backup_system.TestSchedulerVerification" name="test_scheduler_jobs_added" time="0.002" /></testsuite></testsuites>